<?xml version="1.0" encoding="UTF-8"?>
<!-- Generated by org.testng.reporters.JUnitXMLReporter -->
<testsuite ignored="1" hostname="BLOCKY" failures="0" tests="1" name="Default test" time="16.167" errors="0" timestamp="2021-03-30T11:54:14 CST">
  <testcase classname="Test.FPTestCase1" name="buyArticleSuccessfully" time="9.272"/>
  <testcase classname="Test.FPTestCase1" name="successfullyLogin" time="0.0">
    <ignored/>
  </testcase> <!-- successfullyLogin -->
</testsuite> <!-- Default test -->
