<?xml version="1.0" encoding="UTF-8"?>
<testng-results ignored="0" total="1" passed="0" failed="1" skipped="0">
  <reporter-output>
  </reporter-output>
  <suite started-at="2021-04-01T10:53:10 CST" name="Default suite" finished-at="2021-04-01T10:53:17 CST" duration-ms="7083">
    <groups>
    </groups>
    <test started-at="2021-04-01T10:53:10 CST" name="Default test" finished-at="2021-04-01T10:53:17 CST" duration-ms="7083">
      <class name="test.FPTestCase8">
        <test-method is-config="true" signature="setBaseUrl()[pri:0, instance:test.FPTestCase8@1a04f701]" started-at="2021-04-01T10:53:10 CST" name="setBaseUrl" finished-at="2021-04-01T10:53:17 CST" duration-ms="6698" status="PASS">
          <reporter-output>
          </reporter-output>
        </test-method> <!-- setBaseUrl -->
        <test-method signature="login()[pri:0, instance:test.FPTestCase8@1a04f701]" started-at="2021-04-01T10:53:17 CST" name="login" description="Update my personal information (change password)" finished-at="2021-04-01T10:53:17 CST" duration-ms="10" status="FAIL">
          <exception class="java.lang.Error">
            <message>
              <![CDATA[Unresolved compilation problems: 
MainPage cannot be resolved to a type
MainPage cannot be resolved to a type
LoginPage cannot be resolved to a type
LoginPage cannot be resolved to a type
AccountPurchasePage cannot be resolved to a type
AccountPurchasePage cannot be resolved to a type
CreateAccountPage cannot be resolved to a type
CreateAccountPage cannot be resolved to a type
]]>
            </message>
            <full-stacktrace>
              <![CDATA[java.lang.Error: Unresolved compilation problems: 
MainPage cannot be resolved to a type
MainPage cannot be resolved to a type
LoginPage cannot be resolved to a type
LoginPage cannot be resolved to a type
AccountPurchasePage cannot be resolved to a type
AccountPurchasePage cannot be resolved to a type
CreateAccountPage cannot be resolved to a type
CreateAccountPage cannot be resolved to a type

at test.FPTestCase8.login(FPTestCase8.java:35)
at java.base/jdk.internal.reflect.NativeMethodAccessorImpl.invoke0(Native Method)
at java.base/jdk.internal.reflect.NativeMethodAccessorImpl.invoke(NativeMethodAccessorImpl.java:78)
at java.base/jdk.internal.reflect.DelegatingMethodAccessorImpl.invoke(DelegatingMethodAccessorImpl.java:43)
at java.base/java.lang.reflect.Method.invoke(Method.java:567)
at org.testng.internal.MethodInvocationHelper.invokeMethod(MethodInvocationHelper.java:132)
at org.testng.internal.TestInvoker.invokeMethod(TestInvoker.java:599)
at org.testng.internal.TestInvoker.invokeTestMethod(TestInvoker.java:174)
at org.testng.internal.MethodRunner.runInSequence(MethodRunner.java:46)
at org.testng.internal.TestInvoker$MethodInvocationAgent.invoke(TestInvoker.java:822)
at org.testng.internal.TestInvoker.invokeTestMethods(TestInvoker.java:147)
at org.testng.internal.TestMethodWorker.invokeTestMethods(TestMethodWorker.java:146)
at org.testng.internal.TestMethodWorker.run(TestMethodWorker.java:128)
at java.base/java.util.ArrayList.forEach(ArrayList.java:1511)
at org.testng.TestRunner.privateRun(TestRunner.java:764)
at org.testng.TestRunner.run(TestRunner.java:585)
at org.testng.SuiteRunner.runTest(SuiteRunner.java:384)
at org.testng.SuiteRunner.runSequentially(SuiteRunner.java:378)
at org.testng.SuiteRunner.privateRun(SuiteRunner.java:337)
at org.testng.SuiteRunner.run(SuiteRunner.java:286)
at org.testng.SuiteRunnerWorker.runSuite(SuiteRunnerWorker.java:53)
at org.testng.SuiteRunnerWorker.run(SuiteRunnerWorker.java:96)
at org.testng.TestNG.runSuitesSequentially(TestNG.java:1218)
at org.testng.TestNG.runSuitesLocally(TestNG.java:1140)
at org.testng.TestNG.runSuites(TestNG.java:1069)
at org.testng.TestNG.run(TestNG.java:1037)
at org.testng.remote.AbstractRemoteTestNG.run(AbstractRemoteTestNG.java:115)
at org.testng.remote.RemoteTestNG.initAndRun(RemoteTestNG.java:251)
at org.testng.remote.RemoteTestNG.main(RemoteTestNG.java:77)
]]>
            </full-stacktrace>
          </exception> <!-- java.lang.Error -->
          <reporter-output>
          </reporter-output>
        </test-method> <!-- login -->
        <test-method is-config="true" signature="endSession()[pri:0, instance:test.FPTestCase8@1a04f701]" started-at="2021-04-01T10:53:17 CST" name="endSession" finished-at="2021-04-01T10:53:17 CST" duration-ms="322" status="PASS">
          <reporter-output>
          </reporter-output>
        </test-method> <!-- endSession -->
      </class> <!-- test.FPTestCase8 -->
    </test> <!-- Default test -->
  </suite> <!-- Default suite -->
</testng-results>
