<?xml version="1.0" encoding="UTF-8"?>
<testng-results ignored="0" total="1" passed="1" failed="0" skipped="0">
  <reporter-output>
  </reporter-output>
  <suite started-at="2021-04-01T11:32:34 GMT-06:00" name="Default suite" finished-at="2021-04-01T11:32:55 GMT-06:00" duration-ms="20810">
    <groups>
    </groups>
    <test started-at="2021-04-01T11:32:34 GMT-06:00" name="Default test" finished-at="2021-04-01T11:32:55 GMT-06:00" duration-ms="20810">
      <class name="Test.FPTestCase8">
        <test-method is-config="true" signature="setBaseUrl()[pri:0, instance:Test.FPTestCase8@482bce4f]" started-at="2021-04-01T11:32:34 GMT-06:00" name="setBaseUrl" finished-at="2021-04-01T11:32:39 GMT-06:00" duration-ms="4648" status="PASS">
          <reporter-output>
          </reporter-output>
        </test-method> <!-- setBaseUrl -->
        <test-method signature="login()[pri:0, instance:Test.FPTestCase8@482bce4f]" started-at="2021-04-01T11:32:39 GMT-06:00" name="login" description="Update my personal information (change password)" finished-at="2021-04-01T11:32:54 GMT-06:00" duration-ms="15544" status="PASS">
          <reporter-output>
          </reporter-output>
        </test-method> <!-- login -->
        <test-method is-config="true" signature="endSession()[pri:0, instance:Test.FPTestCase8@482bce4f]" started-at="2021-04-01T11:32:54 GMT-06:00" name="endSession" finished-at="2021-04-01T11:32:55 GMT-06:00" duration-ms="595" status="PASS">
          <reporter-output>
          </reporter-output>
        </test-method> <!-- endSession -->
      </class> <!-- Test.FPTestCase8 -->
    </test> <!-- Default test -->
  </suite> <!-- Default suite -->
</testng-results>
